  boardpos.cpp
  Board_Lines.cpp
C:\Users\Khusham\Desktop\12Beads\12Beads\Board_Lines.cpp(33,46): warning C4244: 'argument': conversion from 'int' to 'T', possible loss of data
C:\Users\Khusham\Desktop\12Beads\12Beads\Board_Lines.cpp(33,46): warning C4244:         with
C:\Users\Khusham\Desktop\12Beads\12Beads\Board_Lines.cpp(33,46): warning C4244:         [
C:\Users\Khusham\Desktop\12Beads\12Beads\Board_Lines.cpp(33,46): warning C4244:             T=float
C:\Users\Khusham\Desktop\12Beads\12Beads\Board_Lines.cpp(33,46): warning C4244:         ]
C:\Users\Khusham\Desktop\12Beads\12Beads\Board_Lines.cpp(34,46): warning C4244: 'argument': conversion from 'int' to 'T', possible loss of data
C:\Users\Khusham\Desktop\12Beads\12Beads\Board_Lines.cpp(34,46): warning C4244:         with
C:\Users\Khusham\Desktop\12Beads\12Beads\Board_Lines.cpp(34,46): warning C4244:         [
C:\Users\Khusham\Desktop\12Beads\12Beads\Board_Lines.cpp(34,46): warning C4244:             T=float
C:\Users\Khusham\Desktop\12Beads\12Beads\Board_Lines.cpp(34,46): warning C4244:         ]
C:\Users\Khusham\Desktop\12Beads\12Beads\Board_Lines.cpp(45,56): warning C4244: 'argument': conversion from 'int' to 'T', possible loss of data
C:\Users\Khusham\Desktop\12Beads\12Beads\Board_Lines.cpp(45,56): warning C4244:         with
C:\Users\Khusham\Desktop\12Beads\12Beads\Board_Lines.cpp(45,56): warning C4244:         [
C:\Users\Khusham\Desktop\12Beads\12Beads\Board_Lines.cpp(45,56): warning C4244:             T=float
C:\Users\Khusham\Desktop\12Beads\12Beads\Board_Lines.cpp(45,56): warning C4244:         ]
C:\Users\Khusham\Desktop\12Beads\12Beads\Board_Lines.cpp(46,65): warning C4244: 'argument': conversion from 'int' to 'T', possible loss of data
C:\Users\Khusham\Desktop\12Beads\12Beads\Board_Lines.cpp(46,65): warning C4244:         with
C:\Users\Khusham\Desktop\12Beads\12Beads\Board_Lines.cpp(46,65): warning C4244:         [
C:\Users\Khusham\Desktop\12Beads\12Beads\Board_Lines.cpp(46,65): warning C4244:             T=float
C:\Users\Khusham\Desktop\12Beads\12Beads\Board_Lines.cpp(46,65): warning C4244:         ]
C:\Users\Khusham\Desktop\12Beads\12Beads\Board_Lines.cpp(57,44): warning C4244: 'argument': conversion from 'int' to 'T', possible loss of data
C:\Users\Khusham\Desktop\12Beads\12Beads\Board_Lines.cpp(57,44): warning C4244:         with
C:\Users\Khusham\Desktop\12Beads\12Beads\Board_Lines.cpp(57,44): warning C4244:         [
C:\Users\Khusham\Desktop\12Beads\12Beads\Board_Lines.cpp(57,44): warning C4244:             T=float
C:\Users\Khusham\Desktop\12Beads\12Beads\Board_Lines.cpp(57,44): warning C4244:         ]
C:\Users\Khusham\Desktop\12Beads\12Beads\Board_Lines.cpp(58,52): warning C4244: 'argument': conversion from 'int' to 'T', possible loss of data
C:\Users\Khusham\Desktop\12Beads\12Beads\Board_Lines.cpp(58,52): warning C4244:         with
C:\Users\Khusham\Desktop\12Beads\12Beads\Board_Lines.cpp(58,52): warning C4244:         [
C:\Users\Khusham\Desktop\12Beads\12Beads\Board_Lines.cpp(58,52): warning C4244:             T=float
C:\Users\Khusham\Desktop\12Beads\12Beads\Board_Lines.cpp(58,52): warning C4244:         ]
C:\Users\Khusham\Desktop\12Beads\12Beads\Board_Lines.cpp(61,45): warning C4244: 'argument': conversion from 'int' to 'T', possible loss of data
C:\Users\Khusham\Desktop\12Beads\12Beads\Board_Lines.cpp(61,45): warning C4244:         with
C:\Users\Khusham\Desktop\12Beads\12Beads\Board_Lines.cpp(61,45): warning C4244:         [
C:\Users\Khusham\Desktop\12Beads\12Beads\Board_Lines.cpp(61,45): warning C4244:             T=float
C:\Users\Khusham\Desktop\12Beads\12Beads\Board_Lines.cpp(61,45): warning C4244:         ]
C:\Users\Khusham\Desktop\12Beads\12Beads\Board_Lines.cpp(62,62): warning C4244: 'argument': conversion from 'int' to 'T', possible loss of data
C:\Users\Khusham\Desktop\12Beads\12Beads\Board_Lines.cpp(62,62): warning C4244:         with
C:\Users\Khusham\Desktop\12Beads\12Beads\Board_Lines.cpp(62,62): warning C4244:         [
C:\Users\Khusham\Desktop\12Beads\12Beads\Board_Lines.cpp(62,62): warning C4244:             T=float
C:\Users\Khusham\Desktop\12Beads\12Beads\Board_Lines.cpp(62,62): warning C4244:         ]
C:\Users\Khusham\Desktop\12Beads\12Beads\Board_Lines.cpp(65,52): warning C4244: 'argument': conversion from 'int' to 'T', possible loss of data
C:\Users\Khusham\Desktop\12Beads\12Beads\Board_Lines.cpp(65,52): warning C4244:         with
C:\Users\Khusham\Desktop\12Beads\12Beads\Board_Lines.cpp(65,52): warning C4244:         [
C:\Users\Khusham\Desktop\12Beads\12Beads\Board_Lines.cpp(65,52): warning C4244:             T=float
C:\Users\Khusham\Desktop\12Beads\12Beads\Board_Lines.cpp(65,52): warning C4244:         ]
C:\Users\Khusham\Desktop\12Beads\12Beads\Board_Lines.cpp(66,44): warning C4244: 'argument': conversion from 'int' to 'T', possible loss of data
C:\Users\Khusham\Desktop\12Beads\12Beads\Board_Lines.cpp(66,44): warning C4244:         with
C:\Users\Khusham\Desktop\12Beads\12Beads\Board_Lines.cpp(66,44): warning C4244:         [
C:\Users\Khusham\Desktop\12Beads\12Beads\Board_Lines.cpp(66,44): warning C4244:             T=float
C:\Users\Khusham\Desktop\12Beads\12Beads\Board_Lines.cpp(66,44): warning C4244:         ]
C:\Users\Khusham\Desktop\12Beads\12Beads\Board_Lines.cpp(69,45): warning C4244: 'argument': conversion from 'int' to 'T', possible loss of data
C:\Users\Khusham\Desktop\12Beads\12Beads\Board_Lines.cpp(69,45): warning C4244:         with
C:\Users\Khusham\Desktop\12Beads\12Beads\Board_Lines.cpp(69,45): warning C4244:         [
C:\Users\Khusham\Desktop\12Beads\12Beads\Board_Lines.cpp(69,45): warning C4244:             T=float
C:\Users\Khusham\Desktop\12Beads\12Beads\Board_Lines.cpp(69,45): warning C4244:         ]
C:\Users\Khusham\Desktop\12Beads\12Beads\Board_Lines.cpp(70,62): warning C4244: 'argument': conversion from 'int' to 'T', possible loss of data
C:\Users\Khusham\Desktop\12Beads\12Beads\Board_Lines.cpp(70,62): warning C4244:         with
C:\Users\Khusham\Desktop\12Beads\12Beads\Board_Lines.cpp(70,62): warning C4244:         [
C:\Users\Khusham\Desktop\12Beads\12Beads\Board_Lines.cpp(70,62): warning C4244:             T=float
C:\Users\Khusham\Desktop\12Beads\12Beads\Board_Lines.cpp(70,62): warning C4244:         ]
  Continue.cpp
  FileWriteScoreP2.cpp
  FileWriteSoreP1.cpp
  filewritingturn.cpp
  file_write.cpp
  LastPage.cpp
  main.cpp
C:\Users\Khusham\Desktop\12Beads\12Beads\main.cpp(14,38): warning C4244: 'argument': conversion from 'const float' to 'unsigned int', possible loss of data
C:\Users\Khusham\Desktop\12Beads\12Beads\main.cpp(14,32): warning C4244: 'argument': conversion from 'const float' to 'unsigned int', possible loss of data
C:\Users\Khusham\Desktop\12Beads\12Beads\main.cpp(16,22): warning C4244: 'argument': conversion from 'const float' to 'const int', possible loss of data
  main_graphics.cpp
  PlayerBox.cpp
  Score.cpp
  Start.cpp
  StartWindow.cpp
  Toss.cpp
C:\Users\Khusham\Desktop\12Beads\12Beads\Toss.cpp(89,16): warning C4244: 'argument': conversion from 'time_t' to 'unsigned int', possible loss of data
  Generating Code...
  12Beads.vcxproj -> C:\Users\Khusham\Desktop\12Beads\x64\Debug\12Beads.exe
